['', '', '', '', '', '', '']
['Correct', '', '', '', '', '', '']
['Correct', 'Correct', '', '', '', '', '']
['Correct', 'Correct', 'Correct', '', '', '', '']
['Correct', 'Correct', 'Correct', 'Correct', '', '', '']
['Correct', 'Correct', 'Correct', 'Correct', 'Correct', '', '']
['Correct', 'Correct', 'Correct', 'Correct', 'Correct', 'Correct', '']
['', '', '', '', '', '', '']
['Correct', '', '', '', '', '', '']
['Correct', 'Correct', '', '', '', '', '']
['Correct', 'Correct', 'Correct', '', '', '', '']
['Correct', 'Correct', 'Correct', 'Correct', '', '', '']
['Correct', 'Correct', 'Correct', 'Correct', 'Correct', '', '']
['Correct', 'Correct', 'Correct', 'Correct', 'Correct', 'Correct', '']
['', '', '', '', '', '', '']
['Correct', '', '', '', '', '', '']
['Correct', 'Correct', '', '', '', '', '']
['Correct', 'Correct', 'Correct', '', '', '', '']
['Correct', 'Correct', 'Correct', 'Correct', '', '', '']
['Correct', 'Correct', 'Correct', 'Correct', 'Correct', '', '']
['Correct', 'Correct', 'Correct', 'Correct', 'Correct', 'Correct', '']
['', '', '', '', '', '', '']
['Correct', '', '', '', '', '', '']
['Correct', 'Correct', '', '', '', '', '']
['Correct', 'Correct', 'Correct', '', '', '', '']
['Correct', 'Correct', 'Correct', 'Correct', '', '', '']
['Correct', 'Correct', 'Correct', 'Correct', 'Correct', '', '']
['Correct', 'Correct', 'Correct', 'Correct', 'Correct', 'Correct', '']
['', '', '', '', '', '', '']
['Correct', '', '', '', '', '', '']
['Correct', 'Correct', '', '', '', '', '']
['Correct', 'Correct', 'Correct', '', '', '', '']
['Correct', 'Correct', 'Correct', 'Correct', '', '', '']
['Correct', 'Correct', 'Correct', 'Correct', 'Correct', '', '']
['Correct', 'Correct', 'Correct', 'Correct', 'Correct', 'Correct', '']
['', '', '', '', '', '', '']
['Correct', '', '', '', '', '', '']
['Correct', 'Correct', '', '', '', '', '']
['Correct', 'Correct', 'Correct', '', '', '', '']
['Correct', 'Correct', 'Correct', 'Correct', '', '', '']
['Correct', 'Correct', 'Correct', 'Correct', 'Correct', '', '']
['Correct', 'Correct', 'Correct', 'Correct', 'Correct', 'Correct', '']
['', '', 'Duplicate of test', 'Duplicate of test', 'Duplicate of test', 'Duplicate of test', 'Duplicate of test']
['Correct', '', 'Duplicate of test', 'Duplicate of test', 'Duplicate of test', 'Duplicate of test', 'Duplicate of test']
['Correct', "No letter 'E' in word LAMPOONING or used too many times", 'Duplicate of test', 'Duplicate of test', 'Duplicate of test', 'Duplicate of test', 'Duplicate of test']
['Correct', "No letter 'E' in word LAMPOONING or used too many times", "No letter 'E' in word LAMPOONING or used too many times", 'Duplicate of test', 'Duplicate of test', 'Duplicate of test', 'Duplicate of test']
['Correct', "No letter 'E' in word LAMPOONING or used too many times", "No letter 'E' in word LAMPOONING or used too many times", "No letter 'E' in word LAMPOONING or used too many times", 'Duplicate of test', 'Duplicate of test', 'Duplicate of test']
['Correct', "No letter 'E' in word LAMPOONING or used too many times", "No letter 'E' in word LAMPOONING or used too many times", "No letter 'E' in word LAMPOONING or used too many times", "No letter 'E' in word LAMPOONING or used too many times", 'Duplicate of test', 'Duplicate of test']
['Correct', "No letter 'E' in word LAMPOONING or used too many times", "No letter 'E' in word LAMPOONING or used too many times", "No letter 'E' in word LAMPOONING or used too many times", "No letter 'E' in word LAMPOONING or used too many times", "No letter 'E' in word LAMPOONING or used too many times", 'Duplicate of test']
['', '', '', '', '', '', '']
['Correct', '', '', '', '', '', '']
['Correct', 'Correct', '', '', '', '', '']
['Correct', 'Correct', 'Correct', '', '', '', '']
['Correct', 'Correct', 'Correct', 'Correct', '', '', '']
['Correct', 'Correct', 'Correct', 'Correct', 'Correct', '', '']
['Correct', 'Correct', 'Correct', 'Correct', 'Correct', 'Correct', '']
['', '', '', '', '', '', '']
['Correct', '', '', '', '', '', '']
['Correct', 'Correct', '', '', '', '', '']
['Correct', 'Correct', 'Correct', '', '', '', '']
['Correct', 'Correct', 'Correct', 'Correct', '', '', '']
['Correct', 'Correct', 'Correct', 'Correct', 'Correct', '', '']
['Correct', 'Correct', 'Correct', 'Correct', 'Correct', 'Correct', '']
['', '', '', '', '', '', '']
['Correct', '', '', '', '', '', '']
['Correct', 'Correct', '', '', '', '', '']
['Correct', 'Correct', 'Correct', '', '', '', '']
['Correct', 'Correct', 'Correct', 'Correct', '', '', '']
['Correct', 'Correct', 'Correct', 'Correct', 'Correct', '', '']
['Correct', 'Correct', 'Correct', 'Correct', 'Correct', 'Correct', '']
['', '', '', '', '', '', '']
['Correct', '', '', '', '', '', '']
['Correct', 'Correct', '', '', '', '', '']
['Correct', 'Correct', 'Correct', '', '', '', '']
['Correct', 'Correct', 'Correct', 'Correct', '', '', '']
['Correct', 'Correct', 'Correct', 'Correct', 'Correct', '', '']
['Correct', 'Correct', 'Correct', 'Correct', 'Correct', 'Correct', '']
['', '', '', '', '', '', '']
['Correct', '', '', '', '', '', '']
['Correct', 'Correct', '', '', '', '', '']
['Correct', 'Correct', 'Correct', '', '', '', '']
['Correct', 'Correct', 'Correct', 'Correct', '', '', '']
['Correct', 'Correct', 'Correct', 'Correct', 'Correct', '', '']
['Correct', 'Correct', 'Correct', 'Correct', 'Correct', 'Correct', '']
['', '', '', '', '', '', '']
['Correct', '', '', '', '', '', '']
['Correct', 'Correct', '', '', '', '', '']
['Correct', 'Correct', 'Correct', '', '', '', '']
['Correct', 'Correct', 'Correct', 'Correct', '', '', '']
['Correct', 'Correct', 'Correct', 'Correct', 'Correct', '', '']
['Correct', 'Correct', 'Correct', 'Correct', 'Correct', 'Correct', '']
['', '', '', '', '', '', '']
['Correct', '', '', '', '', '', '']
['Correct', 'Correct', '', '', '', '', '']
['Correct', 'Correct', 'Correct', '', '', '', '']
['Correct', 'Correct', 'Correct', 'Correct', '', '', '']
['Correct', 'Correct', 'Correct', 'Correct', 'Correct', '', '']
['Correct', 'Correct', 'Correct', 'Correct', 'Correct', 'Correct', '']
['', '', '', '', '', '', '']
['Correct', '', '', '', '', '', '']
['Correct', 'Correct', '', '', '', '', '']
['Correct', 'Correct', 'Correct', '', '', '', '']
['Correct', 'Correct', 'Correct', 'Correct', '', '', '']
['Correct', 'Correct', 'Correct', 'Correct', 'Correct', '', '']
['Correct', 'Correct', 'Correct', 'Correct', 'Correct', 'Correct', '']
['', '', '', '', '', '', '']
['Correct', '', '', '', '', '', '']
['Correct', 'Correct', '', '', '', '', '']
['Correct', 'Correct', 'Correct', '', '', '', '']
['Correct', 'Correct', 'Correct', 'Correct', '', '', '']
['Correct', 'Correct', 'Correct', 'Correct', 'Correct', '', '']
['Correct', 'Correct', 'Correct', 'Correct', 'Correct', 'Correct', '']
['', '', '', '', '', '', '']
['Correct', '', '', '', '', '', '']
['Correct', 'Correct', '', '', '', '', '']
['Correct', 'Correct', 'Correct', '', '', '', '']
['Correct', 'Correct', 'Correct', 'Correct', '', '', '']
['Correct', 'Correct', 'Correct', 'Correct', 'Correct', '', '']
['Correct', 'Correct', 'Correct', 'Correct', 'Correct', 'Correct', '']
['', '', '', '', '', '', '']
['Correct', '', '', '', '', '', '']
['Correct', 'Correct', '', '', '', '', '']
['Correct', 'Correct', 'Correct', '', '', '', '']
['Correct', 'Correct', 'Correct', 'Correct', '', '', '']
['Correct', 'Correct', 'Correct', 'Correct', 'Correct', '', '']
['Correct', 'Correct', 'Correct', 'Correct', 'Correct', 'Correct', '']
['', '', '', '', '', '', '']
['Correct', '', '', '', '', '', '']
['Correct', 'Correct', '', '', '', '', '']
['Correct', 'Correct', 'Correct', '', '', '', '']
['Correct', 'Correct', 'Correct', 'Correct', '', '', '']
['Correct', 'Correct', 'Correct', 'Correct', 'Correct', '', '']
['Correct', 'Correct', 'Correct', 'Correct', 'Correct', 'Correct', '']
['', '', '', '', '', '', '']
['Correct', '', '', '', '', '', '']
['Correct', 'Correct', '', '', '', '', '']
['Correct', 'Correct', 'Correct', '', '', '', '']
['Correct', 'Correct', 'Correct', 'Correct', '', '', '']
['Correct', 'Correct', 'Correct', 'Correct', 'Correct', '', '']
['Correct', 'Correct', 'Correct', 'Correct', 'Correct', 'Correct', '']
['', '', '', '', '', '', '']
['Correct', '', '', '', '', '', '']
['Correct', 'Correct', '', '', '', '', '']
['Correct', 'Correct', 'Correct', '', '', '', '']
['Correct', 'Correct', 'Correct', 'Correct', '', '', '']
['Correct', 'Correct', 'Correct', 'Correct', 'Correct', '', '']
['Correct', 'Correct', 'Correct', 'Correct', 'Correct', 'Correct', '']
['', '', '', '', '', '', '']
['Correct', '', '', '', '', '', '']
['Correct', 'Correct', '', '', '', '', '']
['Correct', 'Correct', 'Correct', '', '', '', '']
['Correct', 'Correct', 'Correct', 'Correct', '', '', '']
['Correct', 'Correct', 'Correct', 'Correct', 'Correct', '', '']
['Correct', 'Correct', 'Correct', 'Correct', 'Correct', 'Correct', '']
['', '', '', '', '', '', '']
['Correct', '', '', '', '', '', '']
['Correct', 'Correct', '', '', '', '', '']
['Correct', 'Correct', 'Correct', '', '', '', '']
['Correct', 'Correct', 'Correct', 'Correct', '', '', '']
['Correct', 'Correct', 'Correct', 'Correct', 'Correct', '', '']
['Correct', 'Correct', 'Correct', 'Correct', 'Correct', 'Correct', '']
['', '', '', '', '', '', '']
['Correct', '', '', '', '', '', '']
['Correct', 'Correct', '', '', '', '', '']
['Correct', 'Correct', 'Correct', '', '', '', '']
['Correct', 'Correct', 'Correct', 'Correct', '', '', '']
['Correct', 'Correct', 'Correct', 'Correct', 'Correct', '', '']
['Correct', 'Correct', 'Correct', 'Correct', 'Correct', 'Correct', '']
['', '', '', '', '', '', '']
['Correct', '', '', '', '', '', '']
['Correct', 'Correct', '', '', '', '', '']
['Correct', 'Correct', 'Correct', '', '', '', '']
['Correct', 'Correct', 'Correct', 'Correct', '', '', '']
['Correct', 'Correct', 'Correct', 'Correct', 'Correct', '', '']
['Correct', 'Correct', 'Correct', 'Correct', 'Correct', 'Correct', '']
['', 'Duplicate of argon', 'Duplicate of argon', 'Duplicate of argon', 'Duplicate of argon', 'Duplicate of argon', 'Duplicate of argon']
['Correct', 'Duplicate of argon', 'Duplicate of argon', 'Duplicate of argon', 'Duplicate of argon', 'Duplicate of argon', 'Duplicate of argon']
['Correct', 'Duplicate of argon', 'Duplicate of argon', 'Duplicate of argon', 'Duplicate of argon', 'Duplicate of argon', 'Duplicate of argon']
['Correct', 'Duplicate of argon', 'Duplicate of argon', 'Duplicate of argon', 'Duplicate of argon', 'Duplicate of argon', 'Duplicate of argon']
['Correct', 'Duplicate of argon', 'Duplicate of argon', 'Duplicate of argon', 'Duplicate of argon', 'Duplicate of argon', 'Duplicate of argon']
['Correct', 'Duplicate of argon', 'Duplicate of argon', 'Duplicate of argon', 'Duplicate of argon', 'Duplicate of argon', 'Duplicate of argon']
['Correct', 'Duplicate of argon', 'Duplicate of argon', 'Duplicate of argon', 'Duplicate of argon', 'Duplicate of argon', 'Duplicate of argon']
['', '', '', '', '', '', '']
['Correct', '', '', '', '', '', '']
['Correct', 'Correct', '', '', '', '', '']
['Correct', 'Correct', 'Correct', '', '', '', '']
['Correct', 'Correct', 'Correct', 'Correct', '', '', '']
['Correct', 'Correct', 'Correct', 'Correct', 'Correct', '', '']
['Correct', 'Correct', 'Correct', 'Correct', 'Correct', 'Correct', '']
['', '', '', '', '', '', '']
['Correct', '', '', '', '', '', '']
['Correct', 'Correct', '', '', '', '', '']
['Correct', 'Correct', 'Correct', '', '', '', '']
['Correct', 'Correct', 'Correct', 'Correct', '', '', '']
['Correct', 'Correct', 'Correct', 'Correct', 'Correct', '', '']
['Correct', 'Correct', 'Correct', 'Correct', 'Correct', 'Correct', '']
['', '', '', '', '', '', '']
['Correct', '', '', '', '', '', '']
['Correct', 'Correct', '', '', '', '', '']
['Correct', 'Correct', 'Correct', '', '', '', '']
['Correct', 'Correct', 'Correct', 'Correct', '', '', '']
['Correct', 'Correct', 'Correct', 'Correct', 'Correct', '', '']
['Correct', 'Correct', 'Correct', 'Correct', 'Correct', 'Correct', '']
['', '', '', '', '', '', '']
['Correct', '', '', '', '', '', '']
['Correct', 'Correct', '', '', '', '', '']
['Correct', 'Correct', "No letter 'T' in word MOTIONING or used too many times", '', '', '', '']
['Correct', 'Correct', "No letter 'T' in word MOTIONING or used too many times", "No letter 'R' in word MOTIONING or used too many times", '', '', '']
['Correct', 'Correct', "No letter 'T' in word MOTIONING or used too many times", "No letter 'R' in word MOTIONING or used too many times", "No letter 'A' in word MOTIONING or used too many times", '', '']
['Correct', 'Correct', "No letter 'T' in word MOTIONING or used too many times", "No letter 'R' in word MOTIONING or used too many times", "No letter 'A' in word MOTIONING or used too many times", "No letter 'H' in word MOTIONING or used too many times", '']
['', '', '', '', '', '', '']
['Correct', '', '', '', '', '', '']
['Correct', 'Correct', '', '', '', '', '']
['Correct', 'Correct', "No letter 'T' in word MOTIONING or used too many times", '', '', '', '']
['Correct', 'Correct', "No letter 'T' in word MOTIONING or used too many times", "No letter 'R' in word MOTIONING or used too many times", '', '', '']
['Correct', 'Correct', "No letter 'T' in word MOTIONING or used too many times", "No letter 'R' in word MOTIONING or used too many times", "No letter 'A' in word MOTIONING or used too many times", '', '']
['Correct', 'Correct', "No letter 'T' in word MOTIONING or used too many times", "No letter 'R' in word MOTIONING or used too many times", "No letter 'A' in word MOTIONING or used too many times", "No letter 'H' in word MOTIONING or used too many times", '']
['', '', '', '', '', '', '']
['Correct', '', '', '', '', '', '']
['Correct', 'Correct', '', '', '', '', '']
['Correct', 'Correct', 'Correct', '', '', '', '']
['Correct', 'Correct', 'Correct', 'Correct', '', '', '']
['Correct', 'Correct', 'Correct', 'Correct', 'Correct', '', '']
['Correct', 'Correct', 'Correct', 'Correct', 'Correct', 'Correct', '']
['', '', '', '', '', '', '']
['Correct', '', '', '', '', '', '']
['Correct', 'Correct', '', '', '', '', '']
['Correct', 'Correct', 'Correct', '', '', '', '']
['Correct', 'Correct', 'Correct', 'Correct', '', '', '']
['Correct', 'Correct', 'Correct', 'Correct', 'Correct', '', '']
['Correct', 'Correct', 'Correct', 'Correct', 'Correct', 'Correct', '']
['', '', '', '', '', '', '']
['Correct', '', '', '', '', '', '']
['Correct', 'Correct', '', '', '', '', '']
['Correct', 'Correct', 'Correct', '', '', '', '']
['Correct', 'Correct', 'Correct', 'Correct', '', '', '']
['Correct', 'Correct', 'Correct', 'Correct', 'Correct', '', '']
['Correct', 'Correct', 'Correct', 'Correct', 'Correct', 'Correct', '']
['', '', '', '', '', '', '']
['Correct', '', '', '', '', '', '']
['Correct', 'Correct', '', '', '', '', '']
['Correct', 'Correct', 'Correct', '', '', '', '']
['Correct', 'Correct', 'Correct', 'Correct', '', '', '']
['Correct', 'Correct', 'Correct', 'Correct', 'Correct', '', '']
['Correct', 'Correct', 'Correct', 'Correct', 'Correct', 'Correct', '']
